<?xml version="1.0" encoding="UTF-8"?>
<!-- Generated by org.testng.reporters.JUnitXMLReporter -->
<testsuite hostname="CITHYDLTP-032" ignored="0" name="Test-method test" tests="2" failures="0" timestamp="2020-05-09T20:41:05 IST" time="0.051" errors="0">
  <testcase name="testMethodsOne" time="0.005" classname="com.github.functional.ParallelMethodTest"/>
  <testcase name="testMethodsTwo" time="0.004" classname="com.github.functional.ParallelMethodTest"/>
</testsuite> <!-- Test-method test -->
