<?xml version="1.0" encoding="UTF-8"?>
<!-- Generated by org.testng.reporters.JUnitXMLReporter -->
<testsuite hostname="CITHYDLTP-032" ignored="0" name="Test-class test" tests="4" failures="0" timestamp="2020-05-09T20:40:33 IST" time="0.055" errors="0">
  <testcase name="testMethodOne" time="0.005" classname="com.github.functional.ParallelClassesTestOne"/>
  <testcase name="testMethodOne" time="0.006" classname="com.github.functional.ParallelClassesTestTwo"/>
  <testcase name="testMethodTwo" time="0.001" classname="com.github.functional.ParallelClassesTestOne"/>
  <testcase name="testMethodTwo" time="0.001" classname="com.github.functional.ParallelClassesTestTwo"/>
</testsuite> <!-- Test-class test -->
