<?xml version="1.0" encoding="UTF-8"?>
<!-- Generated by org.testng.reporters.JUnitXMLReporter -->
<testsuite hostname="CITHYDLTP-032" ignored="0" name="Test-class test 1" tests="1" failures="0" timestamp="2020-05-09T20:41:41 IST" time="0.057" errors="0">
  <testcase name="testMethodOne" time="0.005" classname="com.github.functional.ParallelSuiteTest"/>
</testsuite> <!-- Test-class test 1 -->
