<?xml version="1.0" encoding="UTF-8"?>
<!-- Generated by org.testng.reporters.JUnitReportReporter -->
<testsuite skipped="0" hostname="CITHYDLTP-032" name="com.github.functional.ParallelMethodTest" tests="2" failures="0" timestamp="2020-05-09T20:41:05 IST" time="0.021" errors="0">
  <testcase name="testMethodsTwo" time="0.010" classname="com.github.functional.ParallelMethodTest"/>
  <testcase name="testMethodsOne" time="0.011" classname="com.github.functional.ParallelMethodTest"/>
</testsuite> <!-- com.github.functional.ParallelMethodTest -->
