<?xml version="1.0" encoding="UTF-8"?>
<!-- Generated by org.testng.reporters.JUnitReportReporter -->
<testsuite skipped="0" hostname="CITHYDLTP-032" name="com.github.functional.ParallelSuiteTest" tests="2" failures="0" timestamp="2020-05-09T20:41:41 IST" time="0.011" errors="0">
  <testcase name="testMethodOne" time="0.006" classname="com.github.functional.ParallelSuiteTest"/>
  <testcase name="testMethodOne" time="0.005" classname="com.github.functional.ParallelSuiteTest"/>
</testsuite> <!-- com.github.functional.ParallelSuiteTest -->
