<?xml version="1.0" encoding="UTF-8"?>
<!-- Generated by org.testng.reporters.JUnitReportReporter -->
<testsuite skipped="0" hostname="CITHYDLTP-032" name="com.github.functional.ParallelClassesTestOne" tests="2" failures="0" timestamp="2020-05-09T20:40:33 IST" time="0.006" errors="0">
  <testcase name="testMethodTwo" time="0.001" classname="com.github.functional.ParallelClassesTestOne"/>
  <testcase name="testMethodOne" time="0.005" classname="com.github.functional.ParallelClassesTestOne"/>
</testsuite> <!-- com.github.functional.ParallelClassesTestOne -->
